<?xml version="1.0" encoding="UTF-8"?>
<testng-results ignored="0" total="1" passed="1" failed="0" skipped="0">
  <reporter-output>
    <line>
      <![CDATA[---Click on orgaization Link---]]>
    </line>
    <line>
      <![CDATA[---Click on orgaization lookup image---]]>
    </line>
    <line>
      <![CDATA[---Crate orgaization an save---]]>
    </line>
    <line>
      <![CDATA[---orgheader same---]]>
    </line>
    <line>
      <![CDATA[---Click on contactLink---]]>
    </line>
    <line>
      <![CDATA[---create contact loolup image---]]>
    </line>
    <line>
      <![CDATA[---Create new coontact---]]>
    </line>
    <line>
      <![CDATA[---Contact created same---]]>
    </line>
  </reporter-output>
  <suite started-at="2023-02-09T21:26:55 IST" name="Default suite" finished-at="2023-02-09T21:27:33 IST" duration-ms="37654">
    <groups>
      <group name="smokesuite">
        <method signature="ContactWithOrgBaseClassTestNg.creatWithorgTest()[pri:0, instance:vTigerContactTestScripts.ContactWithOrgBaseClassTestNg@771a660]" name="creatWithorgTest" class="vTigerContactTestScripts.ContactWithOrgBaseClassTestNg"/>
      </group> <!-- smokesuite -->
    </groups>
    <test started-at="2023-02-09T21:26:55 IST" name="Default test" finished-at="2023-02-09T21:27:33 IST" duration-ms="37654">
      <class name="vTigerContactTestScripts.ContactWithOrgBaseClassTestNg">
        <test-method is-config="true" signature="bsConfig()[pri:0, instance:vTigerContactTestScripts.ContactWithOrgBaseClassTestNg@771a660]" started-at="2023-02-09T21:26:55 IST" name="bsConfig" finished-at="2023-02-09T21:26:55 IST" duration-ms="11" status="PASS">
          <reporter-output>
          </reporter-output>
        </test-method> <!-- bsConfig -->
        <test-method is-config="true" signature="bcConfig()[pri:0, instance:vTigerContactTestScripts.ContactWithOrgBaseClassTestNg@771a660]" started-at="2023-02-09T21:26:56 IST" name="bcConfig" finished-at="2023-02-09T21:27:00 IST" duration-ms="4383" status="PASS">
          <reporter-output>
          </reporter-output>
        </test-method> <!-- bcConfig -->
        <test-method is-config="true" signature="bmConfig()[pri:0, instance:vTigerContactTestScripts.ContactWithOrgBaseClassTestNg@771a660]" started-at="2023-02-09T21:27:00 IST" name="bmConfig" finished-at="2023-02-09T21:27:05 IST" duration-ms="4381" status="PASS">
          <reporter-output>
          </reporter-output>
        </test-method> <!-- bmConfig -->
        <test-method signature="creatWithorgTest()[pri:0, instance:vTigerContactTestScripts.ContactWithOrgBaseClassTestNg@771a660]" started-at="2023-02-09T21:27:05 IST" name="creatWithorgTest" finished-at="2023-02-09T21:27:31 IST" duration-ms="25978" status="PASS">
          <reporter-output>
            <line>
              <![CDATA[---Click on orgaization Link---]]>
            </line>
            <line>
              <![CDATA[---Click on orgaization lookup image---]]>
            </line>
            <line>
              <![CDATA[---Crate orgaization an save---]]>
            </line>
            <line>
              <![CDATA[---orgheader same---]]>
            </line>
            <line>
              <![CDATA[---Click on contactLink---]]>
            </line>
            <line>
              <![CDATA[---create contact loolup image---]]>
            </line>
            <line>
              <![CDATA[---Create new coontact---]]>
            </line>
            <line>
              <![CDATA[---Contact created same---]]>
            </line>
          </reporter-output>
        </test-method> <!-- creatWithorgTest -->
        <test-method is-config="true" signature="amConfig()[pri:0, instance:vTigerContactTestScripts.ContactWithOrgBaseClassTestNg@771a660]" started-at="2023-02-09T21:27:31 IST" name="amConfig" finished-at="2023-02-09T21:27:33 IST" duration-ms="2069" status="PASS">
          <reporter-output>
          </reporter-output>
        </test-method> <!-- amConfig -->
        <test-method is-config="true" signature="acConfig()[pri:0, instance:vTigerContactTestScripts.ContactWithOrgBaseClassTestNg@771a660]" started-at="2023-02-09T21:27:33 IST" name="acConfig" finished-at="2023-02-09T21:27:33 IST" duration-ms="319" status="PASS">
          <reporter-output>
          </reporter-output>
        </test-method> <!-- acConfig -->
        <test-method is-config="true" signature="asConfig()[pri:0, instance:vTigerContactTestScripts.ContactWithOrgBaseClassTestNg@771a660]" started-at="2023-02-09T21:27:34 IST" name="asConfig" finished-at="2023-02-09T21:27:34 IST" duration-ms="1" status="PASS">
          <reporter-output>
          </reporter-output>
        </test-method> <!-- asConfig -->
      </class> <!-- vTigerContactTestScripts.ContactWithOrgBaseClassTestNg -->
    </test> <!-- Default test -->
  </suite> <!-- Default suite -->
</testng-results>
